c:\users\steve_000\downloads\of_v0.9.0_vs_release\apps\myapps\pokemon\obj\release\ofxlabel.obj
c:\users\steve_000\downloads\of_v0.9.0_vs_release\apps\myapps\pokemon\obj\release\ofxslider.obj
c:\users\steve_000\downloads\of_v0.9.0_vs_release\apps\myapps\pokemon\obj\release\sio_packet.obj
c:\users\steve_000\downloads\of_v0.9.0_vs_release\apps\myapps\pokemon\obj\release\attack.obj
c:\users\steve_000\downloads\of_v0.9.0_vs_release\apps\myapps\pokemon\obj\release\attackaction.obj
c:\users\steve_000\downloads\of_v0.9.0_vs_release\apps\myapps\pokemon\obj\release\attackbuttongroup.obj
c:\users\steve_000\downloads\of_v0.9.0_vs_release\apps\myapps\pokemon\obj\release\button.obj
c:\users\steve_000\downloads\of_v0.9.0_vs_release\apps\myapps\pokemon\obj\release\gameroombutton.obj
c:\users\steve_000\downloads\of_v0.9.0_vs_release\apps\myapps\pokemon\obj\release\main.obj
c:\users\steve_000\downloads\of_v0.9.0_vs_release\apps\myapps\pokemon\obj\release\playeraction.obj
c:\users\steve_000\downloads\of_v0.9.0_vs_release\apps\myapps\pokemon\obj\release\pokemon.obj
c:\users\steve_000\downloads\of_v0.9.0_vs_release\apps\myapps\pokemon\obj\release\selectgameroomscreen.obj
c:\users\steve_000\downloads\of_v0.9.0_vs_release\apps\myapps\pokemon\obj\release\statusitem.obj
c:\users\steve_000\downloads\of_v0.9.0_vs_release\apps\myapps\pokemon\obj\release\statusitemaction.obj
c:\users\steve_000\downloads\of_v0.9.0_vs_release\apps\myapps\pokemon\obj\release\trainer.obj
c:\users\steve_000\downloads\of_v0.9.0_vs_release\apps\myapps\pokemon\obj\release\ofxguigroup.obj
c:\users\steve_000\downloads\of_v0.9.0_vs_release\apps\myapps\pokemon\obj\release\ofxtoggle.obj
c:\users\steve_000\downloads\of_v0.9.0_vs_release\apps\myapps\pokemon\obj\release\sio_socket.obj
c:\users\steve_000\downloads\of_v0.9.0_vs_release\apps\myapps\pokemon\obj\release\battleimage.obj
c:\users\steve_000\downloads\of_v0.9.0_vs_release\apps\myapps\pokemon\obj\release\buttongroup.obj
c:\users\steve_000\downloads\of_v0.9.0_vs_release\apps\myapps\pokemon\obj\release\globalvariables.obj
c:\users\steve_000\downloads\of_v0.9.0_vs_release\apps\myapps\pokemon\obj\release\mainbuttongroup.obj
c:\users\steve_000\downloads\of_v0.9.0_vs_release\apps\myapps\pokemon\obj\release\pokemonbuttongroup.obj
c:\users\steve_000\downloads\of_v0.9.0_vs_release\apps\myapps\pokemon\obj\release\startmenu.obj
c:\users\steve_000\downloads\of_v0.9.0_vs_release\apps\myapps\pokemon\obj\release\ofxbutton.obj
c:\users\steve_000\downloads\of_v0.9.0_vs_release\apps\myapps\pokemon\obj\release\ofxpanel.obj
c:\users\steve_000\downloads\of_v0.9.0_vs_release\apps\myapps\pokemon\obj\release\sio_client_impl.obj
c:\users\steve_000\downloads\of_v0.9.0_vs_release\apps\myapps\pokemon\obj\release\battlescreen.obj
c:\users\steve_000\downloads\of_v0.9.0_vs_release\apps\myapps\pokemon\obj\release\eventslogdisplay.obj
c:\users\steve_000\downloads\of_v0.9.0_vs_release\apps\myapps\pokemon\obj\release\item.obj
c:\users\steve_000\downloads\of_v0.9.0_vs_release\apps\myapps\pokemon\obj\release\itembuttongroup.obj
c:\users\steve_000\downloads\of_v0.9.0_vs_release\apps\myapps\pokemon\obj\release\ofapp.obj
c:\users\steve_000\downloads\of_v0.9.0_vs_release\apps\myapps\pokemon\obj\release\selectpokemonmenuoption.obj
c:\users\steve_000\downloads\of_v0.9.0_vs_release\apps\myapps\pokemon\obj\release\switchpokemonaction.obj
c:\users\steve_000\downloads\of_v0.9.0_vs_release\apps\myapps\pokemon\obj\release\ofxbasegui.obj
c:\users\steve_000\downloads\of_v0.9.0_vs_release\apps\myapps\pokemon\obj\release\ofxslidergroup.obj
c:\users\steve_000\downloads\of_v0.9.0_vs_release\apps\myapps\pokemon\obj\release\sio_client.obj
c:\users\steve_000\downloads\of_v0.9.0_vs_release\apps\myapps\pokemon\obj\release\bag.obj
c:\users\steve_000\downloads\of_v0.9.0_vs_release\apps\myapps\pokemon\obj\release\battle.obj
c:\users\steve_000\downloads\of_v0.9.0_vs_release\apps\myapps\pokemon\obj\release\endgamebuttongroup.obj
c:\users\steve_000\downloads\of_v0.9.0_vs_release\apps\myapps\pokemon\obj\release\hpandppitem.obj
c:\users\steve_000\downloads\of_v0.9.0_vs_release\apps\myapps\pokemon\obj\release\hpandppitemaction.obj
c:\users\steve_000\downloads\of_v0.9.0_vs_release\apps\myapps\pokemon\obj\release\localbattle.obj
c:\users\steve_000\downloads\of_v0.9.0_vs_release\apps\myapps\pokemon\obj\release\onlinebattle.obj
c:\users\steve_000\downloads\of_v0.9.0_vs_release\apps\myapps\pokemon\obj\release\selectpokemonmenu.obj
c:\users\steve_000\downloads\of_v0.9.0_vs_release\apps\myapps\pokemon\obj\release\vc140.pdb
c:\users\steve_000\downloads\of_v0.9.0_vs_release\apps\myapps\pokemon\bin\pokemon.lib
c:\users\steve_000\downloads\of_v0.9.0_vs_release\apps\myapps\pokemon\bin\pokemon.exp
c:\users\steve_000\downloads\of_v0.9.0_vs_release\apps\myapps\pokemon\obj\release\icon.res
c:\users\steve_000\downloads\of_v0.9.0_vs_release\apps\myapps\pokemon\bin\pokemon.exe
c:\users\steve_000\downloads\of_v0.9.0_vs_release\apps\myapps\pokemon\obj\release\pokemon.tlog\cl.command.1.tlog
c:\users\steve_000\downloads\of_v0.9.0_vs_release\apps\myapps\pokemon\obj\release\pokemon.tlog\cl.read.1.tlog
c:\users\steve_000\downloads\of_v0.9.0_vs_release\apps\myapps\pokemon\obj\release\pokemon.tlog\cl.write.1.tlog
c:\users\steve_000\downloads\of_v0.9.0_vs_release\apps\myapps\pokemon\obj\release\pokemon.tlog\link.command.1.tlog
c:\users\steve_000\downloads\of_v0.9.0_vs_release\apps\myapps\pokemon\obj\release\pokemon.tlog\link.read.1.tlog
c:\users\steve_000\downloads\of_v0.9.0_vs_release\apps\myapps\pokemon\obj\release\pokemon.tlog\link.write.1.tlog
c:\users\steve_000\downloads\of_v0.9.0_vs_release\apps\myapps\pokemon\obj\release\pokemon.tlog\pokemon.write.1u.tlog
c:\users\steve_000\downloads\of_v0.9.0_vs_release\apps\myapps\pokemon\obj\release\pokemon.tlog\rc.command.1.tlog
c:\users\steve_000\downloads\of_v0.9.0_vs_release\apps\myapps\pokemon\obj\release\pokemon.tlog\rc.read.1.tlog
c:\users\steve_000\downloads\of_v0.9.0_vs_release\apps\myapps\pokemon\obj\release\pokemon.tlog\rc.write.1.tlog
